<?xml version="1.0" encoding="UTF-8"?>
<!-- Generated by org.testng.reporters.JUnitXMLReporter -->
<testsuite ignored="0" hostname="DESKTOP-NVU3C2H" failures="0" tests="3" name="Test" time="10.195" errors="0" timestamp="2023-05-24T16:04:51 IST">
  <testcase classname="testClass.Post_TC_1" name="execute" time="6.801"/>
  <testcase classname="testClass.Post_TC_2" name="execute" time="1.742"/>
  <testcase classname="testClass.Post_TC_3" name="execute" time="1.491"/>
</testsuite> <!-- Test -->
