<?xml version="1.0" encoding="UTF-8"?>
<testng-results ignored="0" total="3" passed="3" failed="0" skipped="0">
  <reporter-output>
  </reporter-output>
  <suite started-at="2023-05-24T16:04:41 IST" name="Suite" finished-at="2023-05-24T16:04:51 IST" duration-ms="10195">
    <groups>
    </groups>
    <test started-at="2023-05-24T16:04:41 IST" name="Test" finished-at="2023-05-24T16:04:51 IST" duration-ms="10195">
      <class name="testClass.Post_TC_3">
        <test-method signature="execute()[pri:0, instance:testClass.Post_TC_3@332729ad]" started-at="2023-05-24T16:04:50 IST" name="execute" finished-at="2023-05-24T16:04:51 IST" duration-ms="1491" status="PASS">
          <reporter-output>
          </reporter-output>
        </test-method> <!-- execute -->
      </class> <!-- testClass.Post_TC_3 -->
      <class name="testClass.Post_TC_1">
        <test-method signature="execute()[pri:0, instance:testClass.Post_TC_1@3c01cfa1]" started-at="2023-05-24T16:04:41 IST" name="execute" finished-at="2023-05-24T16:04:48 IST" duration-ms="6801" status="PASS">
          <reporter-output>
          </reporter-output>
        </test-method> <!-- execute -->
      </class> <!-- testClass.Post_TC_1 -->
      <class name="testClass.Post_TC_2">
        <test-method signature="execute()[pri:0, instance:testClass.Post_TC_2@302f7971]" started-at="2023-05-24T16:04:48 IST" name="execute" finished-at="2023-05-24T16:04:50 IST" duration-ms="1742" status="PASS">
          <reporter-output>
          </reporter-output>
        </test-method> <!-- execute -->
      </class> <!-- testClass.Post_TC_2 -->
    </test> <!-- Test -->
  </suite> <!-- Suite -->
</testng-results>
